android/app/build/intermediates/manifest_merge_blame_file/release/manifest-merger-blame-release-report.txt
1<?xml version="1.0" encoding="utf-8"?>
2<manifest xmlns:android="http://schemas.android.com/apk/res/android"
3    package="com.hajirilence"
4    android:versionCode="1"
5    android:versionName="1.0" >
6
7    <uses-sdk
8        android:minSdkVersion="26"
9        android:targetSdkVersion="34" />
10
11    <uses-permission android:name="android.permission.INTERNET" />
11-->src/main/AndroidManifest.xml:3:5-67
11-->src/main/AndroidManifest.xml:3:22-64
12    <uses-permission android:name="android.permission.CAMERA" />
12-->src/main/AndroidManifest.xml:4:1-61
12-->src/main/AndroidManifest.xml:4:18-58
13    <uses-permission android:name="android.permission.RECORD_AUDIO" />
13-->src/main/AndroidManifest.xml:5:1-67
13-->src/main/AndroidManifest.xml:5:18-64
14    <uses-permission android:name="android.permission.ACCESS_NETWORK_STATE" />
14-->[:react-native-community_netinfo] AndroidManifest.xml:7:5-79
14-->[:react-native-community_netinfo] AndroidManifest.xml:7:22-76
15    <uses-permission android:name="android.permission.ACCESS_WIFI_STATE" /> <!-- Required by older versions of Google Play services to create IID tokens -->
15-->[:react-native-community_netinfo] AndroidManifest.xml:8:5-76
15-->[:react-native-community_netinfo] AndroidManifest.xml:8:22-73
16    <uses-permission android:name="com.google.android.c2dm.permission.RECEIVE" />
16-->[com.google.android.gms:play-services-iid:17.0.0] AndroidManifest.xml:23:5-82
16-->[com.google.android.gms:play-services-iid:17.0.0] AndroidManifest.xml:23:22-79
17
18    <permission
18-->[androidx.core:core:1.9.0] AndroidManifest.xml:22:5-24:47
19        android:name="com.hajirilence.DYNAMIC_RECEIVER_NOT_EXPORTED_PERMISSION"
19-->[androidx.core:core:1.9.0] AndroidManifest.xml:23:9-81
20        android:protectionLevel="signature" />
20-->[androidx.core:core:1.9.0] AndroidManifest.xml:24:9-44
21
22    <uses-permission android:name="com.hajirilence.DYNAMIC_RECEIVER_NOT_EXPORTED_PERMISSION" />
22-->[androidx.core:core:1.9.0] AndroidManifest.xml:26:5-97
22-->[androidx.core:core:1.9.0] AndroidManifest.xml:26:22-94
23    <uses-permission android:name="com.google.android.finsky.permission.BIND_GET_INSTALL_REFERRER_SERVICE" />
23-->[com.android.installreferrer:installreferrer:1.1.2] AndroidManifest.xml:9:5-110
23-->[com.android.installreferrer:installreferrer:1.1.2] AndroidManifest.xml:9:22-107
24
25    <application
25-->src/main/AndroidManifest.xml:6:5-26:19
26        android:name="com.hajirilence.MainApplication"
26-->src/main/AndroidManifest.xml:7:7-38
27        android:allowBackup="false"
27-->src/main/AndroidManifest.xml:11:7-34
28        android:appComponentFactory="androidx.core.app.CoreComponentFactory"
28-->[androidx.core:core:1.9.0] AndroidManifest.xml:28:18-86
29        android:extractNativeLibs="false"
30        android:icon="@mipmap/ic_launcher"
30-->src/main/AndroidManifest.xml:9:7-41
31        android:label="@string/app_name"
31-->src/main/AndroidManifest.xml:8:7-39
32        android:roundIcon="@mipmap/ic_launcher_round"
32-->src/main/AndroidManifest.xml:10:7-52
33        android:theme="@style/AppTheme" >
33-->src/main/AndroidManifest.xml:12:7-38
34        <activity
34-->src/main/AndroidManifest.xml:13:7-25:18
35            android:name="com.hajirilence.MainActivity"
35-->src/main/AndroidManifest.xml:14:9-37
36            android:configChanges="keyboard|keyboardHidden|orientation|screenLayout|screenSize|smallestScreenSize|uiMode"
36-->src/main/AndroidManifest.xml:16:9-118
37            android:exported="true"
37-->src/main/AndroidManifest.xml:19:9-32
38            android:label="@string/app_name"
38-->src/main/AndroidManifest.xml:15:9-41
39            android:launchMode="singleTask"
39-->src/main/AndroidManifest.xml:17:9-40
40            android:screenOrientation="sensorPortrait"
40-->src/main/AndroidManifest.xml:20:9-51
41            android:windowSoftInputMode="adjustResize" >
41-->src/main/AndroidManifest.xml:18:9-51
42            <intent-filter>
42-->src/main/AndroidManifest.xml:21:9-24:25
43                <action android:name="android.intent.action.MAIN" />
43-->src/main/AndroidManifest.xml:22:13-65
43-->src/main/AndroidManifest.xml:22:21-62
44
45                <category android:name="android.intent.category.LAUNCHER" />
45-->src/main/AndroidManifest.xml:23:13-73
45-->src/main/AndroidManifest.xml:23:23-70
46            </intent-filter>
47        </activity>
48        <activity
48-->[com.google.android.gms:play-services-base:17.0.0] AndroidManifest.xml:23:9-26:75
49            android:name="com.google.android.gms.common.api.GoogleApiActivity"
49-->[com.google.android.gms:play-services-base:17.0.0] AndroidManifest.xml:24:13-79
50            android:exported="false"
50-->[com.google.android.gms:play-services-base:17.0.0] AndroidManifest.xml:25:13-37
51            android:theme="@android:style/Theme.Translucent.NoTitleBar" />
51-->[com.google.android.gms:play-services-base:17.0.0] AndroidManifest.xml:26:13-72
52
53        <meta-data
53-->[com.google.android.gms:play-services-basement:17.0.0] AndroidManifest.xml:23:9-25:69
54            android:name="com.google.android.gms.version"
54-->[com.google.android.gms:play-services-basement:17.0.0] AndroidManifest.xml:24:13-58
55            android:value="@integer/google_play_services_version" />
55-->[com.google.android.gms:play-services-basement:17.0.0] AndroidManifest.xml:25:13-66
56
57        <provider
57-->[androidx.emoji2:emoji2:1.2.0] AndroidManifest.xml:24:9-32:20
58            android:name="androidx.startup.InitializationProvider"
58-->[androidx.emoji2:emoji2:1.2.0] AndroidManifest.xml:25:13-67
59            android:authorities="com.hajirilence.androidx-startup"
59-->[androidx.emoji2:emoji2:1.2.0] AndroidManifest.xml:26:13-68
60            android:exported="false" >
60-->[androidx.emoji2:emoji2:1.2.0] AndroidManifest.xml:27:13-37
61            <meta-data
61-->[androidx.emoji2:emoji2:1.2.0] AndroidManifest.xml:29:13-31:52
62                android:name="androidx.emoji2.text.EmojiCompatInitializer"
62-->[androidx.emoji2:emoji2:1.2.0] AndroidManifest.xml:30:17-75
63                android:value="androidx.startup" />
63-->[androidx.emoji2:emoji2:1.2.0] AndroidManifest.xml:31:17-49
64            <meta-data
64-->[androidx.lifecycle:lifecycle-process:2.4.1] AndroidManifest.xml:31:13-33:52
65                android:name="androidx.lifecycle.ProcessLifecycleInitializer"
65-->[androidx.lifecycle:lifecycle-process:2.4.1] AndroidManifest.xml:32:17-78
66                android:value="androidx.startup" />
66-->[androidx.lifecycle:lifecycle-process:2.4.1] AndroidManifest.xml:33:17-49
67        </provider>
68
69        <meta-data
69-->[com.facebook.soloader:soloader:0.10.5] AndroidManifest.xml:12:9-14:37
70            android:name="com.facebook.soloader.enabled"
70-->[com.facebook.soloader:soloader:0.10.5] AndroidManifest.xml:13:13-57
71            android:value="false" />
71-->[com.facebook.soloader:soloader:0.10.5] AndroidManifest.xml:14:13-34
72    </application>
73
74</manifest>